<?xml version="1.0" encoding="UTF-8"?>
<testsuite xmlns:xsi="http://www.w3.org/2001/XMLSchema-instance" xsi:noNamespaceSchemaLocation="https://maven.apache.org/surefire/maven-surefire-plugin/xsd/surefire-test-report.xsd" name="com.masparaga.library.tests.TestBookApi" time="0.285" tests="2" errors="2" skipped="0" failures="0">
  <properties>
[...]
</properties>
  <testcase name="testSuccessfulBuy" classname="com.masparaga.library.tests.TestBookApi" time="0.174">
    <error message="Request processing failed; nested exception is java.lang.IllegalArgumentException: invalid hexadecimal representation of an ObjectId: [book]" type="org.springframework.web.util.NestedServletException">org.springframework.web.util.NestedServletException: Request processing failed; nested exception is java.lang.IllegalArgumentException: invalid hexadecimal representation of an ObjectId: [book]
	at com.masparaga.library.tests.TestBookApi.testSuccessfulBuy(TestBookApi.java:59)
Caused by: java.lang.IllegalArgumentException: invalid hexadecimal representation of an ObjectId: [book]
	at com.masparaga.library.tests.TestBookApi.testSuccessfulBuy(TestBookApi.java:59)
</error>
    <system-out><![CDATA[2022-02-22 00:49:23.517  INFO 13060 --- [           main] .b.t.c.SpringBootTestContextBootstrapper : Neither @ContextConfiguration nor @ContextHierarchy found for test class [com.masparaga.library.tests.TestBookApi], using SpringBootContextLoader
2022-02-22 00:49:23.519  INFO 13060 --- [           main] o.s.t.c.support.AbstractContextLoader    : Could not detect default resource locations for test class [com.masparaga.library.tests.TestBookApi]: no resource found for suffixes {-context.xml, Context.groovy}.
2022-02-22 00:49:23.519  INFO 13060 --- [           main] t.c.s.AnnotationConfigContextLoaderUtils : Could not detect default configuration classes for test class [com.masparaga.library.tests.TestBookApi]: TestBookApi does not declare any static, non-private, non-final, nested classes annotated with @Configuration.
2022-02-22 00:49:23.524  INFO 13060 --- [           main] .b.t.c.SpringBootTestContextBootstrapper : Found @SpringBootConfiguration com.masparaga.library.LibraryApplication for test class com.masparaga.library.tests.TestBookApi
2022-02-22 00:49:23.529  INFO 13060 --- [           main] .b.t.c.SpringBootTestContextBootstrapper : Loaded default TestExecutionListener class names from location [META-INF/spring.factories]: [org.springframework.boot.test.mock.mockito.MockitoTestExecutionListener, org.springframework.boot.test.mock.mockito.ResetMocksTestExecutionListener, org.springframework.boot.test.autoconfigure.restdocs.RestDocsTestExecutionListener, org.springframework.boot.test.autoconfigure.web.client.MockRestServiceServerResetTestExecutionListener, org.springframework.boot.test.autoconfigure.web.servlet.MockMvcPrintOnlyOnFailureTestExecutionListener, org.springframework.boot.test.autoconfigure.web.servlet.WebDriverTestExecutionListener, org.springframework.boot.test.autoconfigure.webservices.client.MockWebServiceServerTestExecutionListener, org.springframework.test.context.web.ServletTestExecutionListener, org.springframework.test.context.support.DirtiesContextBeforeModesTestExecutionListener, org.springframework.test.context.event.ApplicationEventsTestExecutionListener, org.springframework.test.context.support.DependencyInjectionTestExecutionListener, org.springframework.test.context.support.DirtiesContextTestExecutionListener, org.springframework.test.context.transaction.TransactionalTestExecutionListener, org.springframework.test.context.jdbc.SqlScriptsTestExecutionListener, org.springframework.test.context.event.EventPublishingTestExecutionListener, org.springframework.security.test.context.support.WithSecurityContextTestExecutionListener, org.springframework.security.test.context.support.ReactorContextTestExecutionListener]
2022-02-22 00:49:23.530  INFO 13060 --- [           main] .b.t.c.SpringBootTestContextBootstrapper : Using TestExecutionListeners: [org.springframework.test.context.web.ServletTestExecutionListener@257e8c43, org.springframework.test.context.support.DirtiesContextBeforeModesTestExecutionListener@14e54a35, org.springframework.test.context.event.ApplicationEventsTestExecutionListener@298cfe89, org.springframework.boot.test.mock.mockito.MockitoTestExecutionListener@189fb01b, org.springframework.boot.test.autoconfigure.SpringBootDependencyInjectionTestExecutionListener@49522bdf, org.springframework.test.context.support.DirtiesContextTestExecutionListener@77587422, org.springframework.test.context.transaction.TransactionalTestExecutionListener@39eea4f6, org.springframework.test.context.jdbc.SqlScriptsTestExecutionListener@5c94d4b8, org.springframework.test.context.event.EventPublishingTestExecutionListener@4400026, org.springframework.security.test.context.support.WithSecurityContextTestExecutionListener@308d8de8, org.springframework.security.test.context.support.ReactorContextTestExecutionListener@7c08461b, org.springframework.boot.test.mock.mockito.ResetMocksTestExecutionListener@6c37c36, org.springframework.boot.test.autoconfigure.restdocs.RestDocsTestExecutionListener@2060df8, org.springframework.boot.test.autoconfigure.web.client.MockRestServiceServerResetTestExecutionListener@5e38329d, org.springframework.boot.test.autoconfigure.web.servlet.MockMvcPrintOnlyOnFailureTestExecutionListener@60be9fdf, org.springframework.boot.test.autoconfigure.web.servlet.WebDriverTestExecutionListener@7d816d32, org.springframework.boot.test.autoconfigure.webservices.client.MockWebServiceServerTestExecutionListener@4f5ad6b7]
]]></system-out>
  </testcase>
  <testcase name="testSuccessfulNameSearch" classname="com.masparaga.library.tests.TestBookApi" time="0.085">
    <error message="Request processing failed; nested exception is java.lang.NullPointerException: Cannot invoke &quot;String.isEmpty()&quot; because the return value of &quot;com.masparaga.library.model.dto.SearchBookQuery.getId()&quot; is null" type="org.springframework.web.util.NestedServletException">org.springframework.web.util.NestedServletException: Request processing failed; nested exception is java.lang.NullPointerException: Cannot invoke "String.isEmpty()" because the return value of "com.masparaga.library.model.dto.SearchBookQuery.getId()" is null
	at com.masparaga.library.tests.TestBookApi.execute(TestBookApi.java:38)
	at com.masparaga.library.tests.TestBookApi.testSuccessfulNameSearch(TestBookApi.java:51)
Caused by: java.lang.NullPointerException: Cannot invoke "String.isEmpty()" because the return value of "com.masparaga.library.model.dto.SearchBookQuery.getId()" is null
	at com.masparaga.library.tests.TestBookApi.execute(TestBookApi.java:38)
	at com.masparaga.library.tests.TestBookApi.testSuccessfulNameSearch(TestBookApi.java:51)
</error>
  </testcase>
</testsuite>